<?xml version="1.0" encoding="UTF-8"?>
<!-- Generated by org.testng.reporters.JUnitReportReporter -->
<testsuite hostname="pc" name="TestOne" tests="2" failures="0" timestamp="12 Nov 2017 10:26:01 GMT" time="46.926" errors="0">
  <testcase name="check" time="14.750" classname="TestOne"/>
  <testcase name="check" time="32.176" classname="TestOne"/>
</testsuite> <!-- TestOne -->
