<?xml version="1.0" encoding="UTF-8"?>
<!-- Generated by org.testng.reporters.JUnitReportReporter -->
<testsuite hostname="pc" name="TestOne" tests="1" failures="0" timestamp="11 Nov 2017 10:02:17 GMT" time="38.981" errors="0">
  <testcase name="check" time="38.981" classname="TestOne"/>
</testsuite> <!-- TestOne -->
